<?xml version="1.0" encoding="UTF-8"?>
<!-- Generated by org.testng.reporters.JUnitXMLReporter -->
<testsuite ignored="0" hostname="DESKTOP-PV6IVVB" failures="0" tests="4" name="Test1" time="6.641" errors="0" timestamp="2023-03-09T10:18:45 PST">
  <testcase classname="ParallelExecution.BaseClass" name="@BeforeClass browser" time="1.483">
    <failure type="org.openqa.selenium.SessionNotCreatedException" message="session not created: This version of ChromeDriver only supports Chrome version 109
Current browser version is 111.0.5563.65 with binary path C:\Program Files (x86)\Google\Chrome\Application\chrome.exe
Build info: version: &amp;apos;3.141.59&amp;apos;, revision: &amp;apos;e82be7d358&amp;apos;, time: &amp;apos;2018-11-14T08:25:53&amp;apos;
System info: host: &amp;apos;DESKTOP-PV6IVVB&amp;apos;, ip: &amp;apos;10.10.61.99&amp;apos;, os.name: &amp;apos;Windows 10&amp;apos;, os.arch: &amp;apos;amd64&amp;apos;, os.version: &amp;apos;10.0&amp;apos;, java.version: &amp;apos;17.0.4.1&amp;apos;
Driver info: driver.version: ChromeDriver
remote stacktrace: Backtrace:
	(No symbol) [0x00DF6643]
	(No symbol) [0x00D8BE21]
	(No symbol) [0x00C8DA9D]
	(No symbol) [0x00CB2911]
	(No symbol) [0x00CAD630]
	(No symbol) [0x00CAA899]
	(No symbol) [0x00CE6917]
	(No symbol) [0x00CE655C]
	(No symbol) [0x00CDFB76]
	(No symbol) [0x00CB49C1]
	(No symbol) [0x00CB5E5D]
	GetHandleVerifier [0x0106A142+2497106]
	GetHandleVerifier [0x010985D3+2686691]
	GetHandleVerifier [0x0109BB9C+2700460]
	GetHandleVerifier [0x00EA3B10+635936]
	(No symbol) [0x00D94A1F]
	(No symbol) [0x00D9A418]
	(No symbol) [0x00D9A505]
	(No symbol) [0x00DA508B]
	BaseThreadInitThunk [0x770000F9+25]
	RtlGetAppContainerNamedObjectPath [0x77CC7BBE+286]
	RtlGetAppContainerNamedObjectPath [0x77CC7B8E+238]
">
      <![CDATA[org.openqa.selenium.SessionNotCreatedException: session not created: This version of ChromeDriver only supports Chrome version 109
Current browser version is 111.0.5563.65 with binary path C:\Program Files (x86)\Google\Chrome\Application\chrome.exe
Build info: version: '3.141.59', revision: 'e82be7d358', time: '2018-11-14T08:25:53'
System info: host: 'DESKTOP-PV6IVVB', ip: '10.10.61.99', os.name: 'Windows 10', os.arch: 'amd64', os.version: '10.0', java.version: '17.0.4.1'
Driver info: driver.version: ChromeDriver
remote stacktrace: Backtrace:
(No symbol) [0x00DF6643]
(No symbol) [0x00D8BE21]
(No symbol) [0x00C8DA9D]
(No symbol) [0x00CB2911]
(No symbol) [0x00CAD630]
(No symbol) [0x00CAA899]
(No symbol) [0x00CE6917]
(No symbol) [0x00CE655C]
(No symbol) [0x00CDFB76]
(No symbol) [0x00CB49C1]
(No symbol) [0x00CB5E5D]
GetHandleVerifier [0x0106A142+2497106]
GetHandleVerifier [0x010985D3+2686691]
GetHandleVerifier [0x0109BB9C+2700460]
GetHandleVerifier [0x00EA3B10+635936]
(No symbol) [0x00D94A1F]
(No symbol) [0x00D9A418]
(No symbol) [0x00D9A505]
(No symbol) [0x00DA508B]
BaseThreadInitThunk [0x770000F9+25]
RtlGetAppContainerNamedObjectPath [0x77CC7BBE+286]
RtlGetAppContainerNamedObjectPath [0x77CC7B8E+238]

at org.openqa.selenium.remote.W3CHandshakeResponse.lambda$errorHandler$0(W3CHandshakeResponse.java:62)
at org.openqa.selenium.remote.HandshakeResponse.lambda$getResponseFunction$0(HandshakeResponse.java:30)
at org.openqa.selenium.remote.ProtocolHandshake.lambda$createSession$0(ProtocolHandshake.java:126)
at java.base/java.util.stream.ReferencePipeline$3$1.accept(ReferencePipeline.java:197)
at java.base/java.util.Spliterators$ArraySpliterator.tryAdvance(Spliterators.java:1002)
at java.base/java.util.stream.ReferencePipeline.forEachWithCancel(ReferencePipeline.java:129)
at java.base/java.util.stream.AbstractPipeline.copyIntoWithCancel(AbstractPipeline.java:527)
at java.base/java.util.stream.AbstractPipeline.copyInto(AbstractPipeline.java:513)
at java.base/java.util.stream.AbstractPipeline.wrapAndCopyInto(AbstractPipeline.java:499)
at java.base/java.util.stream.FindOps$FindOp.evaluateSequential(FindOps.java:150)
at java.base/java.util.stream.AbstractPipeline.evaluate(AbstractPipeline.java:234)
at java.base/java.util.stream.ReferencePipeline.findFirst(ReferencePipeline.java:647)
at org.openqa.selenium.remote.ProtocolHandshake.createSession(ProtocolHandshake.java:128)
at org.openqa.selenium.remote.ProtocolHandshake.createSession(ProtocolHandshake.java:74)
at org.openqa.selenium.remote.HttpCommandExecutor.execute(HttpCommandExecutor.java:136)
at org.openqa.selenium.remote.service.DriverCommandExecutor.execute(DriverCommandExecutor.java:83)
at org.openqa.selenium.remote.RemoteWebDriver.execute(RemoteWebDriver.java:552)
at org.openqa.selenium.remote.RemoteWebDriver.startSession(RemoteWebDriver.java:213)
at org.openqa.selenium.remote.RemoteWebDriver.<init>(RemoteWebDriver.java:131)
at org.openqa.selenium.chrome.ChromeDriver.<init>(ChromeDriver.java:181)
at org.openqa.selenium.chrome.ChromeDriver.<init>(ChromeDriver.java:168)
at org.openqa.selenium.chrome.ChromeDriver.<init>(ChromeDriver.java:123)
at ParallelExecution.BaseClass.browser(BaseClass.java:18)
at java.base/java.util.ArrayList.forEach(ArrayList.java:1511)
... Removed 30 stack frames]]>
    </failure>
  </testcase> <!-- @BeforeClass browser -->
  <testcase classname="ParallelExecution.BaseClass" name="@BeforeClass browser" time="1.739">
    <failure type="org.openqa.selenium.SessionNotCreatedException" message="session not created: This version of ChromeDriver only supports Chrome version 109
Current browser version is 111.0.5563.65 with binary path C:\Program Files (x86)\Google\Chrome\Application\chrome.exe
Build info: version: &amp;apos;3.141.59&amp;apos;, revision: &amp;apos;e82be7d358&amp;apos;, time: &amp;apos;2018-11-14T08:25:53&amp;apos;
System info: host: &amp;apos;DESKTOP-PV6IVVB&amp;apos;, ip: &amp;apos;10.10.61.99&amp;apos;, os.name: &amp;apos;Windows 10&amp;apos;, os.arch: &amp;apos;amd64&amp;apos;, os.version: &amp;apos;10.0&amp;apos;, java.version: &amp;apos;17.0.4.1&amp;apos;
Driver info: driver.version: ChromeDriver
remote stacktrace: Backtrace:
	(No symbol) [0x00DF6643]
	(No symbol) [0x00D8BE21]
	(No symbol) [0x00C8DA9D]
	(No symbol) [0x00CB2911]
	(No symbol) [0x00CAD630]
	(No symbol) [0x00CAA899]
	(No symbol) [0x00CE6917]
	(No symbol) [0x00CE655C]
	(No symbol) [0x00CDFB76]
	(No symbol) [0x00CB49C1]
	(No symbol) [0x00CB5E5D]
	GetHandleVerifier [0x0106A142+2497106]
	GetHandleVerifier [0x010985D3+2686691]
	GetHandleVerifier [0x0109BB9C+2700460]
	GetHandleVerifier [0x00EA3B10+635936]
	(No symbol) [0x00D94A1F]
	(No symbol) [0x00D9A418]
	(No symbol) [0x00D9A505]
	(No symbol) [0x00DA508B]
	BaseThreadInitThunk [0x770000F9+25]
	RtlGetAppContainerNamedObjectPath [0x77CC7BBE+286]
	RtlGetAppContainerNamedObjectPath [0x77CC7B8E+238]
">
      <![CDATA[org.openqa.selenium.SessionNotCreatedException: session not created: This version of ChromeDriver only supports Chrome version 109
Current browser version is 111.0.5563.65 with binary path C:\Program Files (x86)\Google\Chrome\Application\chrome.exe
Build info: version: '3.141.59', revision: 'e82be7d358', time: '2018-11-14T08:25:53'
System info: host: 'DESKTOP-PV6IVVB', ip: '10.10.61.99', os.name: 'Windows 10', os.arch: 'amd64', os.version: '10.0', java.version: '17.0.4.1'
Driver info: driver.version: ChromeDriver
remote stacktrace: Backtrace:
(No symbol) [0x00DF6643]
(No symbol) [0x00D8BE21]
(No symbol) [0x00C8DA9D]
(No symbol) [0x00CB2911]
(No symbol) [0x00CAD630]
(No symbol) [0x00CAA899]
(No symbol) [0x00CE6917]
(No symbol) [0x00CE655C]
(No symbol) [0x00CDFB76]
(No symbol) [0x00CB49C1]
(No symbol) [0x00CB5E5D]
GetHandleVerifier [0x0106A142+2497106]
GetHandleVerifier [0x010985D3+2686691]
GetHandleVerifier [0x0109BB9C+2700460]
GetHandleVerifier [0x00EA3B10+635936]
(No symbol) [0x00D94A1F]
(No symbol) [0x00D9A418]
(No symbol) [0x00D9A505]
(No symbol) [0x00DA508B]
BaseThreadInitThunk [0x770000F9+25]
RtlGetAppContainerNamedObjectPath [0x77CC7BBE+286]
RtlGetAppContainerNamedObjectPath [0x77CC7B8E+238]

at org.openqa.selenium.remote.W3CHandshakeResponse.lambda$errorHandler$0(W3CHandshakeResponse.java:62)
at org.openqa.selenium.remote.HandshakeResponse.lambda$getResponseFunction$0(HandshakeResponse.java:30)
at org.openqa.selenium.remote.ProtocolHandshake.lambda$createSession$0(ProtocolHandshake.java:126)
at java.base/java.util.stream.ReferencePipeline$3$1.accept(ReferencePipeline.java:197)
at java.base/java.util.Spliterators$ArraySpliterator.tryAdvance(Spliterators.java:1002)
at java.base/java.util.stream.ReferencePipeline.forEachWithCancel(ReferencePipeline.java:129)
at java.base/java.util.stream.AbstractPipeline.copyIntoWithCancel(AbstractPipeline.java:527)
at java.base/java.util.stream.AbstractPipeline.copyInto(AbstractPipeline.java:513)
at java.base/java.util.stream.AbstractPipeline.wrapAndCopyInto(AbstractPipeline.java:499)
at java.base/java.util.stream.FindOps$FindOp.evaluateSequential(FindOps.java:150)
at java.base/java.util.stream.AbstractPipeline.evaluate(AbstractPipeline.java:234)
at java.base/java.util.stream.ReferencePipeline.findFirst(ReferencePipeline.java:647)
at org.openqa.selenium.remote.ProtocolHandshake.createSession(ProtocolHandshake.java:128)
at org.openqa.selenium.remote.ProtocolHandshake.createSession(ProtocolHandshake.java:74)
at org.openqa.selenium.remote.HttpCommandExecutor.execute(HttpCommandExecutor.java:136)
at org.openqa.selenium.remote.service.DriverCommandExecutor.execute(DriverCommandExecutor.java:83)
at org.openqa.selenium.remote.RemoteWebDriver.execute(RemoteWebDriver.java:552)
at org.openqa.selenium.remote.RemoteWebDriver.startSession(RemoteWebDriver.java:213)
at org.openqa.selenium.remote.RemoteWebDriver.<init>(RemoteWebDriver.java:131)
at org.openqa.selenium.chrome.ChromeDriver.<init>(ChromeDriver.java:181)
at org.openqa.selenium.chrome.ChromeDriver.<init>(ChromeDriver.java:168)
at org.openqa.selenium.chrome.ChromeDriver.<init>(ChromeDriver.java:123)
at ParallelExecution.BaseClass.browser(BaseClass.java:18)
at java.base/java.util.ArrayList.forEach(ArrayList.java:1511)
... Removed 30 stack frames]]>
    </failure>
  </testcase> <!-- @BeforeClass browser -->
  <testcase classname="ParallelExecution.BaseClass" name="@BeforeClass browser" time="1.648">
    <failure type="org.openqa.selenium.SessionNotCreatedException" message="session not created: This version of ChromeDriver only supports Chrome version 109
Current browser version is 111.0.5563.65 with binary path C:\Program Files (x86)\Google\Chrome\Application\chrome.exe
Build info: version: &amp;apos;3.141.59&amp;apos;, revision: &amp;apos;e82be7d358&amp;apos;, time: &amp;apos;2018-11-14T08:25:53&amp;apos;
System info: host: &amp;apos;DESKTOP-PV6IVVB&amp;apos;, ip: &amp;apos;10.10.61.99&amp;apos;, os.name: &amp;apos;Windows 10&amp;apos;, os.arch: &amp;apos;amd64&amp;apos;, os.version: &amp;apos;10.0&amp;apos;, java.version: &amp;apos;17.0.4.1&amp;apos;
Driver info: driver.version: ChromeDriver
remote stacktrace: Backtrace:
	(No symbol) [0x00DF6643]
	(No symbol) [0x00D8BE21]
	(No symbol) [0x00C8DA9D]
	(No symbol) [0x00CB2911]
	(No symbol) [0x00CAD630]
	(No symbol) [0x00CAA899]
	(No symbol) [0x00CE6917]
	(No symbol) [0x00CE655C]
	(No symbol) [0x00CDFB76]
	(No symbol) [0x00CB49C1]
	(No symbol) [0x00CB5E5D]
	GetHandleVerifier [0x0106A142+2497106]
	GetHandleVerifier [0x010985D3+2686691]
	GetHandleVerifier [0x0109BB9C+2700460]
	GetHandleVerifier [0x00EA3B10+635936]
	(No symbol) [0x00D94A1F]
	(No symbol) [0x00D9A418]
	(No symbol) [0x00D9A505]
	(No symbol) [0x00DA508B]
	BaseThreadInitThunk [0x770000F9+25]
	RtlGetAppContainerNamedObjectPath [0x77CC7BBE+286]
	RtlGetAppContainerNamedObjectPath [0x77CC7B8E+238]
">
      <![CDATA[org.openqa.selenium.SessionNotCreatedException: session not created: This version of ChromeDriver only supports Chrome version 109
Current browser version is 111.0.5563.65 with binary path C:\Program Files (x86)\Google\Chrome\Application\chrome.exe
Build info: version: '3.141.59', revision: 'e82be7d358', time: '2018-11-14T08:25:53'
System info: host: 'DESKTOP-PV6IVVB', ip: '10.10.61.99', os.name: 'Windows 10', os.arch: 'amd64', os.version: '10.0', java.version: '17.0.4.1'
Driver info: driver.version: ChromeDriver
remote stacktrace: Backtrace:
(No symbol) [0x00DF6643]
(No symbol) [0x00D8BE21]
(No symbol) [0x00C8DA9D]
(No symbol) [0x00CB2911]
(No symbol) [0x00CAD630]
(No symbol) [0x00CAA899]
(No symbol) [0x00CE6917]
(No symbol) [0x00CE655C]
(No symbol) [0x00CDFB76]
(No symbol) [0x00CB49C1]
(No symbol) [0x00CB5E5D]
GetHandleVerifier [0x0106A142+2497106]
GetHandleVerifier [0x010985D3+2686691]
GetHandleVerifier [0x0109BB9C+2700460]
GetHandleVerifier [0x00EA3B10+635936]
(No symbol) [0x00D94A1F]
(No symbol) [0x00D9A418]
(No symbol) [0x00D9A505]
(No symbol) [0x00DA508B]
BaseThreadInitThunk [0x770000F9+25]
RtlGetAppContainerNamedObjectPath [0x77CC7BBE+286]
RtlGetAppContainerNamedObjectPath [0x77CC7B8E+238]

at org.openqa.selenium.remote.W3CHandshakeResponse.lambda$errorHandler$0(W3CHandshakeResponse.java:62)
at org.openqa.selenium.remote.HandshakeResponse.lambda$getResponseFunction$0(HandshakeResponse.java:30)
at org.openqa.selenium.remote.ProtocolHandshake.lambda$createSession$0(ProtocolHandshake.java:126)
at java.base/java.util.stream.ReferencePipeline$3$1.accept(ReferencePipeline.java:197)
at java.base/java.util.Spliterators$ArraySpliterator.tryAdvance(Spliterators.java:1002)
at java.base/java.util.stream.ReferencePipeline.forEachWithCancel(ReferencePipeline.java:129)
at java.base/java.util.stream.AbstractPipeline.copyIntoWithCancel(AbstractPipeline.java:527)
at java.base/java.util.stream.AbstractPipeline.copyInto(AbstractPipeline.java:513)
at java.base/java.util.stream.AbstractPipeline.wrapAndCopyInto(AbstractPipeline.java:499)
at java.base/java.util.stream.FindOps$FindOp.evaluateSequential(FindOps.java:150)
at java.base/java.util.stream.AbstractPipeline.evaluate(AbstractPipeline.java:234)
at java.base/java.util.stream.ReferencePipeline.findFirst(ReferencePipeline.java:647)
at org.openqa.selenium.remote.ProtocolHandshake.createSession(ProtocolHandshake.java:128)
at org.openqa.selenium.remote.ProtocolHandshake.createSession(ProtocolHandshake.java:74)
at org.openqa.selenium.remote.HttpCommandExecutor.execute(HttpCommandExecutor.java:136)
at org.openqa.selenium.remote.service.DriverCommandExecutor.execute(DriverCommandExecutor.java:83)
at org.openqa.selenium.remote.RemoteWebDriver.execute(RemoteWebDriver.java:552)
at org.openqa.selenium.remote.RemoteWebDriver.startSession(RemoteWebDriver.java:213)
at org.openqa.selenium.remote.RemoteWebDriver.<init>(RemoteWebDriver.java:131)
at org.openqa.selenium.chrome.ChromeDriver.<init>(ChromeDriver.java:181)
at org.openqa.selenium.chrome.ChromeDriver.<init>(ChromeDriver.java:168)
at org.openqa.selenium.chrome.ChromeDriver.<init>(ChromeDriver.java:123)
at ParallelExecution.BaseClass.browser(BaseClass.java:18)
at java.base/java.util.ArrayList.forEach(ArrayList.java:1511)
... Removed 30 stack frames]]>
    </failure>
  </testcase> <!-- @BeforeClass browser -->
  <testcase classname="ParallelExecution.BaseClass" name="@BeforeClass browser" time="1.716">
    <failure type="org.openqa.selenium.SessionNotCreatedException" message="session not created: This version of ChromeDriver only supports Chrome version 109
Current browser version is 111.0.5563.65 with binary path C:\Program Files (x86)\Google\Chrome\Application\chrome.exe
Build info: version: &amp;apos;3.141.59&amp;apos;, revision: &amp;apos;e82be7d358&amp;apos;, time: &amp;apos;2018-11-14T08:25:53&amp;apos;
System info: host: &amp;apos;DESKTOP-PV6IVVB&amp;apos;, ip: &amp;apos;10.10.61.99&amp;apos;, os.name: &amp;apos;Windows 10&amp;apos;, os.arch: &amp;apos;amd64&amp;apos;, os.version: &amp;apos;10.0&amp;apos;, java.version: &amp;apos;17.0.4.1&amp;apos;
Driver info: driver.version: ChromeDriver
remote stacktrace: Backtrace:
	(No symbol) [0x00DF6643]
	(No symbol) [0x00D8BE21]
	(No symbol) [0x00C8DA9D]
	(No symbol) [0x00CB2911]
	(No symbol) [0x00CAD630]
	(No symbol) [0x00CAA899]
	(No symbol) [0x00CE6917]
	(No symbol) [0x00CE655C]
	(No symbol) [0x00CDFB76]
	(No symbol) [0x00CB49C1]
	(No symbol) [0x00CB5E5D]
	GetHandleVerifier [0x0106A142+2497106]
	GetHandleVerifier [0x010985D3+2686691]
	GetHandleVerifier [0x0109BB9C+2700460]
	GetHandleVerifier [0x00EA3B10+635936]
	(No symbol) [0x00D94A1F]
	(No symbol) [0x00D9A418]
	(No symbol) [0x00D9A505]
	(No symbol) [0x00DA508B]
	BaseThreadInitThunk [0x770000F9+25]
	RtlGetAppContainerNamedObjectPath [0x77CC7BBE+286]
	RtlGetAppContainerNamedObjectPath [0x77CC7B8E+238]
">
      <![CDATA[org.openqa.selenium.SessionNotCreatedException: session not created: This version of ChromeDriver only supports Chrome version 109
Current browser version is 111.0.5563.65 with binary path C:\Program Files (x86)\Google\Chrome\Application\chrome.exe
Build info: version: '3.141.59', revision: 'e82be7d358', time: '2018-11-14T08:25:53'
System info: host: 'DESKTOP-PV6IVVB', ip: '10.10.61.99', os.name: 'Windows 10', os.arch: 'amd64', os.version: '10.0', java.version: '17.0.4.1'
Driver info: driver.version: ChromeDriver
remote stacktrace: Backtrace:
(No symbol) [0x00DF6643]
(No symbol) [0x00D8BE21]
(No symbol) [0x00C8DA9D]
(No symbol) [0x00CB2911]
(No symbol) [0x00CAD630]
(No symbol) [0x00CAA899]
(No symbol) [0x00CE6917]
(No symbol) [0x00CE655C]
(No symbol) [0x00CDFB76]
(No symbol) [0x00CB49C1]
(No symbol) [0x00CB5E5D]
GetHandleVerifier [0x0106A142+2497106]
GetHandleVerifier [0x010985D3+2686691]
GetHandleVerifier [0x0109BB9C+2700460]
GetHandleVerifier [0x00EA3B10+635936]
(No symbol) [0x00D94A1F]
(No symbol) [0x00D9A418]
(No symbol) [0x00D9A505]
(No symbol) [0x00DA508B]
BaseThreadInitThunk [0x770000F9+25]
RtlGetAppContainerNamedObjectPath [0x77CC7BBE+286]
RtlGetAppContainerNamedObjectPath [0x77CC7B8E+238]

at org.openqa.selenium.remote.W3CHandshakeResponse.lambda$errorHandler$0(W3CHandshakeResponse.java:62)
at org.openqa.selenium.remote.HandshakeResponse.lambda$getResponseFunction$0(HandshakeResponse.java:30)
at org.openqa.selenium.remote.ProtocolHandshake.lambda$createSession$0(ProtocolHandshake.java:126)
at java.base/java.util.stream.ReferencePipeline$3$1.accept(ReferencePipeline.java:197)
at java.base/java.util.Spliterators$ArraySpliterator.tryAdvance(Spliterators.java:1002)
at java.base/java.util.stream.ReferencePipeline.forEachWithCancel(ReferencePipeline.java:129)
at java.base/java.util.stream.AbstractPipeline.copyIntoWithCancel(AbstractPipeline.java:527)
at java.base/java.util.stream.AbstractPipeline.copyInto(AbstractPipeline.java:513)
at java.base/java.util.stream.AbstractPipeline.wrapAndCopyInto(AbstractPipeline.java:499)
at java.base/java.util.stream.FindOps$FindOp.evaluateSequential(FindOps.java:150)
at java.base/java.util.stream.AbstractPipeline.evaluate(AbstractPipeline.java:234)
at java.base/java.util.stream.ReferencePipeline.findFirst(ReferencePipeline.java:647)
at org.openqa.selenium.remote.ProtocolHandshake.createSession(ProtocolHandshake.java:128)
at org.openqa.selenium.remote.ProtocolHandshake.createSession(ProtocolHandshake.java:74)
at org.openqa.selenium.remote.HttpCommandExecutor.execute(HttpCommandExecutor.java:136)
at org.openqa.selenium.remote.service.DriverCommandExecutor.execute(DriverCommandExecutor.java:83)
at org.openqa.selenium.remote.RemoteWebDriver.execute(RemoteWebDriver.java:552)
at org.openqa.selenium.remote.RemoteWebDriver.startSession(RemoteWebDriver.java:213)
at org.openqa.selenium.remote.RemoteWebDriver.<init>(RemoteWebDriver.java:131)
at org.openqa.selenium.chrome.ChromeDriver.<init>(ChromeDriver.java:181)
at org.openqa.selenium.chrome.ChromeDriver.<init>(ChromeDriver.java:168)
at org.openqa.selenium.chrome.ChromeDriver.<init>(ChromeDriver.java:123)
at ParallelExecution.BaseClass.browser(BaseClass.java:18)
at java.base/java.util.ArrayList.forEach(ArrayList.java:1511)
... Removed 30 stack frames]]>
    </failure>
  </testcase> <!-- @BeforeClass browser -->
  <testcase classname="ParallelExecution.KTM" name="launch" time="0.0">
    <skipped/>
  </testcase> <!-- launch -->
  <testcase classname="ParallelExecution.YAMAHA" name="launch" time="0.0">
    <skipped/>
  </testcase> <!-- launch -->
  <testcase classname="ParallelExecution.BMW" name="launch" time="0.0">
    <skipped/>
  </testcase> <!-- launch -->
  <testcase classname="ParallelExecution.SUZUKI" name="launch" time="0.0">
    <skipped/>
  </testcase> <!-- launch -->
</testsuite> <!-- Test1 -->
